<?xml version="1.0" encoding="UTF-8"?>
<!-- Generated by org.testng.reporters.JUnitXMLReporter -->
<testsuite hostname="ATMECSINLT-085" ignored="0" name="Test2" tests="1" failures="0" timestamp="23 Oct 2019 05:12:52 GMT" time="0.119" errors="0">
  <testcase name="@BeforeTest baseSetup" time="0.0" classname="org.atmecs.website.testbase.TestBase">
    <failure type="org.testng.TestNGException" message="
Parameter &amp;apos;Name&amp;apos; is required by BeforeTest on method baseSetup but has not been marked @Optional or defined
in C:\Users\ajith.periyasamy\workspace2\atmecs_website_automation\testng.xml">
      <![CDATA[org.testng.TestNGException: 
Parameter 'Name' is required by BeforeTest on method baseSetup but has not been marked @Optional or defined
in C:\Users\ajith.periyasamy\workspace2\atmecs_website_automation\testng.xml
... Removed 21 stack frames]]>
    </failure>
  </testcase> <!-- @BeforeTest baseSetup -->
  <testcase name="@AfterMethod tearDown" time="0.0" classname="org.atmecs.website.extentreports.Extent">
    <skipped/>
  </testcase> <!-- @AfterMethod tearDown -->
  <testcase name="validateBlogs" time="0.0" classname="org.atmecs.website.testscripts.Insights">
    <skipped/>
  </testcase> <!-- validateBlogs -->
</testsuite> <!-- Test2 -->
